<?xml version="1.0" encoding="UTF-8"?>
<!-- Generated by org.testng.reporters.JUnitReportReporter -->
<testsuite hostname="Nilu" failures="0" tests="3" name="com.vhm.qa.testcases.DashboardPageTest" time="79.372" errors="0" timestamp="20 Nov 2020 10:25:35 GMT" skipped="0">
  <testcase classname="com.vhm.qa.testcases.DashboardPageTest" name="changeLanguageTest" time="28.210"/>
  <testcase classname="com.vhm.qa.testcases.DashboardPageTest" name="testHomeLogo" time="26.633"/>
  <testcase classname="com.vhm.qa.testcases.DashboardPageTest" name="logoutTest" time="24.529"/>
</testsuite> <!-- com.vhm.qa.testcases.DashboardPageTest -->
