<?xml version="1.0" encoding="UTF-8"?>
<!-- Generated by org.testng.reporters.JUnitReportReporter -->
<testsuite hostname="Nilu" failures="0" tests="2" name="com.vhm.qa.testcases.LoginPageTest" time="44.434" errors="0" timestamp="20 Nov 2020 10:26:58 GMT" skipped="0">
  <testcase classname="com.vhm.qa.testcases.LoginPageTest" name="changeLanguage" time="18.384"/>
  <testcase classname="com.vhm.qa.testcases.LoginPageTest" name="loginTest" time="26.050"/>
</testsuite> <!-- com.vhm.qa.testcases.LoginPageTest -->
